2023-10-09 18:18:12,722 [INFO] MainUpdater:2868 - connection check result : 10
2023-10-09 18:18:12,738 [INFO] MainUpdater:2868 - connection check result : 10
2023-10-09 18:18:13,598 [INFO] MicroXplorer:468 - Change Database Path : 
2023-10-09 18:18:13,598 [INFO] MicroXplorer:498 - Change Database Version : DB.6.0.91
2023-10-09 18:18:13,619 [WARN] ThirdParty:871 - waiting for thirdparty lock release [close project]
2023-10-09 18:18:13,619 [INFO] ThirdParty:873 - entering critical section [close project]
2023-10-09 18:18:13,619 [INFO] ThirdParty:883 - exiting critical section [close project]
2023-10-09 18:18:13,620 [INFO] PinOutPanel:1499 - setPackage(No Configuration,No Configuration)
2023-10-09 18:18:13,624 [WARN] IpParametersView:151 - Warning: This peripheral hasn't parameters
2023-10-09 18:18:13,627 [WARN] MainPanel:272 - <html><b><center>Warning: This peripheral has no parameters to be configured<br></b></html>
2023-10-09 18:18:13,633 [INFO] UtilMem:75 - Begin LoadConfig() Used Memory: 851396536 Bytes (1073741824)
2023-10-09 18:18:13,634 [INFO] MicroXplorer:468 - Change Database Path : 
2023-10-09 18:18:13,634 [INFO] MicroXplorer:498 - Change Database Version : DB.6.0.91
2023-10-09 18:18:13,634 [INFO] OpenFileManager:308 - Change cursor
2023-10-09 18:18:13,643 [INFO] Mcu:1946 - Initializing MCU STM32F446R(C-E)Tx STM32F446RETx STM32F446RET6
2023-10-09 18:18:14,475 [INFO] Context:659 - Trying to add GPIOservice into a context  which must be forbidden
2023-10-09 18:18:14,747 [INFO] RtosManager:555 - Registered RTOS mode: class=CMSIS, group=RTOS, mode=CMSIS_V1, owner=FREERTOS
2023-10-09 18:18:14,747 [INFO] RtosManager:555 - Registered RTOS mode: class=CMSIS, group=RTOS2, mode=CMSIS_V2, owner=FREERTOS
2023-10-09 18:18:14,747 [INFO] RtosManager:555 - Registered RTOS mode: class=RTOS, group=Core, mode=CMSIS_V1, owner=FREERTOS
2023-10-09 18:18:14,747 [INFO] RtosManager:555 - Registered RTOS mode: class=RTOS, group=Core, mode=CMSIS_V2, owner=FREERTOS
2023-10-09 18:18:14,747 [WARN] ModelIntegratedComponent:184 - Missing modes for component STMicroelectronics:FreeRTOS:0.0.1:STMicroelectronics:RTOS:FreeRTOS:Core:::10.2.0:
2023-10-09 18:18:14,752 [WARN] ModelIntegratedComponent:63 - No mode defined for component null
2023-10-09 18:18:14,753 [WARN] ModelIntegratedComponent:63 - No mode defined for component null
2023-10-09 18:18:14,753 [WARN] ModelIntegratedComponent:63 - No mode defined for component null
2023-10-09 18:18:14,753 [WARN] ModelIntegratedComponent:63 - No mode defined for component null
2023-10-09 18:18:14,753 [WARN] ModelIntegratedComponent:63 - No mode defined for component null
2023-10-09 18:18:14,753 [WARN] ModelIntegratedComponent:63 - No mode defined for component null
2023-10-09 18:18:14,753 [WARN] ModelIntegratedComponent:63 - No mode defined for component null
2023-10-09 18:18:14,753 [WARN] ModelIntegratedComponent:63 - No mode defined for component null
2023-10-09 18:18:14,753 [WARN] ModelIntegratedComponent:63 - No mode defined for component null
2023-10-09 18:18:14,753 [WARN] ModelIntegratedComponent:63 - No mode defined for component null
2023-10-09 18:18:14,753 [WARN] ModelIntegratedComponent:63 - No mode defined for component null
2023-10-09 18:18:14,753 [WARN] ModelIntegratedComponent:63 - No mode defined for component null
2023-10-09 18:18:14,753 [WARN] ModelIntegratedComponent:63 - No mode defined for component null
2023-10-09 18:18:14,753 [WARN] ModelIntegratedComponent:63 - No mode defined for component null
2023-10-09 18:18:14,753 [WARN] ModelIntegratedComponent:63 - No mode defined for component null
2023-10-09 18:18:14,753 [WARN] ModelIntegratedComponent:63 - No mode defined for component null
2023-10-09 18:18:14,753 [WARN] ModelIntegratedComponent:63 - No mode defined for component null
2023-10-09 18:18:14,753 [WARN] ModelIntegratedComponent:63 - No mode defined for component null
2023-10-09 18:18:14,753 [WARN] ModelIntegratedComponent:63 - No mode defined for component null
2023-10-09 18:18:14,753 [WARN] ModelIntegratedComponent:63 - No mode defined for component null
2023-10-09 18:18:14,753 [WARN] ModelIntegratedComponent:63 - No mode defined for component null
2023-10-09 18:18:14,753 [WARN] ModelIntegratedComponent:63 - No mode defined for component null
2023-10-09 18:18:14,753 [WARN] ModelIntegratedComponent:63 - No mode defined for component null
2023-10-09 18:18:14,754 [WARN] ModelIntegratedComponent:63 - No mode defined for component null
2023-10-09 18:18:14,754 [WARN] ModelIntegratedComponent:63 - No mode defined for component null
2023-10-09 18:18:14,754 [WARN] ModelIntegratedComponent:63 - No mode defined for component null
2023-10-09 18:18:14,754 [WARN] ModelIntegratedComponent:63 - No mode defined for component null
2023-10-09 18:18:14,754 [WARN] ModelIntegratedComponent:63 - No mode defined for component null
2023-10-09 18:18:14,754 [WARN] ModelIntegratedComponent:63 - No mode defined for component null
2023-10-09 18:18:14,754 [WARN] ModelIntegratedComponent:63 - No mode defined for component null
2023-10-09 18:18:14,754 [WARN] ModelIntegratedComponent:63 - No mode defined for component null
2023-10-09 18:18:14,754 [WARN] ModelIntegratedComponent:63 - No mode defined for component null
2023-10-09 18:18:14,754 [WARN] ModelIntegratedComponent:63 - No mode defined for component null
2023-10-09 18:18:14,761 [INFO] ThirdPartyModel:298 - Start build external matchings
2023-10-09 18:18:15,051 [INFO] ThirdPartyModel:316 - End build external matchings
2023-10-09 18:18:15,057 [INFO] RtosManager:919 - Current active RTOS is FREERTOS [Cortex-M4NS]
2023-10-09 18:18:15,061 [INFO] ImportTextPane:194 - (OptionalMessage_ERROR) IP (RCC) : Invalid parameter (48MHZClocksFreq_Value)
2023-10-09 18:18:15,061 [INFO] ImportTextPane:194 - (OptionalMessage_ERROR) IP (RCC) : Invalid parameter (EthernetFreq_Value)
2023-10-09 18:18:15,062 [INFO] ImportTextPane:194 - (OptionalMessage_ERROR) IP (RCC) : Parameter (FLatency) has Id (AdvancedSettings) currently not set
2023-10-09 18:18:15,062 [INFO] ImportTextPane:194 - (OptionalMessage_ERROR) IP (RCC) : Invalid parameter (FamilyName)
2023-10-09 18:18:15,062 [INFO] ImportTextPane:194 - (OptionalMessage_ERROR) IP (RCC) : Invalid parameter (I2SClocksFreq_Value)
2023-10-09 18:18:15,063 [INFO] ImportTextPane:194 - (OptionalMessage_ERROR) IP (RCC) : Parameter (SDIOFreq_Value) has invalid value (168000000)
2023-10-09 18:18:15,063 [INFO] ImportTextPane:194 - (OptionalMessage_ERROR) IP (RCC) : Parameter (USBFreq_Value) has invalid value (168000000)
2023-10-09 18:18:15,063 [INFO] ImportTextPane:194 - (OptionalMessage_ERROR) IP (RCC) : Invalid parameter (VCOInputMFreq_Value)
2023-10-09 18:18:15,063 [INFO] ImportTextPane:194 - (OptionalMessage_ERROR) IP (RCC) : Invalid parameter (VcooutputI2S)
2023-10-09 18:18:15,215 [INFO] UtilMem:75 - End LoadConfig() Used Memory: 892987296 Bytes (1073741824)
2023-10-09 18:18:15,227 [WARN] ThirdParty:833 - waiting for thirdparty lock release [change project]
2023-10-09 18:18:15,227 [INFO] ThirdParty:835 - entering critical section [change project]
2023-10-09 18:18:15,227 [INFO] ThirdParty:1030 - CMSIS Pack Vendor :STMicroelectronics X-CUBE-ISPU 1.1.0
2023-10-09 18:18:15,227 [INFO] ThirdParty:1030 - CMSIS Pack Vendor :STMicroelectronics USBPD 4.1
2023-10-09 18:18:15,227 [INFO] ThirdParty:1030 - CMSIS Pack Vendor :STMicroelectronics X-CUBE-GNSS1 6.0.0
2023-10-09 18:18:15,227 [INFO] ThirdParty:1030 - CMSIS Pack Vendor :STMicroelectronics USB_HOST 2.0.0
2023-10-09 18:18:15,227 [INFO] ThirdParty:1030 - CMSIS Pack Vendor :STMicroelectronics X-CUBE-AZRTOS-F4 1.1.0
2023-10-09 18:18:15,227 [INFO] ThirdParty:1030 - CMSIS Pack Vendor :STMicroelectronics LIBJPEG 8.0.0
2023-10-09 18:18:15,227 [INFO] ThirdParty:1030 - CMSIS Pack Vendor :wolfSSL I-CUBE-wolfSSL 5.6.3
2023-10-09 18:18:15,227 [INFO] ThirdParty:1030 - CMSIS Pack Vendor :STMicroelectronics X-CUBE-SMBUS 2.1.0
2023-10-09 18:18:15,227 [INFO] ThirdParty:1030 - CMSIS Pack Vendor :STMicroelectronics USB_DEVICE 3.0.0
2023-10-09 18:18:15,227 [INFO] ThirdParty:1030 - CMSIS Pack Vendor :STMicroelectronics X-CUBE-AZRTOS-WB 2.0.0
2023-10-09 18:18:15,227 [INFO] ThirdParty:1030 - CMSIS Pack Vendor :STMicroelectronics X-CUBE-FREERTOS 1.0.1
2023-10-09 18:18:15,227 [INFO] ThirdParty:1030 - CMSIS Pack Vendor :STMicroelectronics X-CUBE-AZRTOS-F7 1.1.0
2023-10-09 18:18:15,227 [INFO] ThirdParty:1030 - CMSIS Pack Vendor :STMicroelectronics X-CUBE-AZRTOS-L5 2.0.0
2023-10-09 18:18:15,227 [INFO] ThirdParty:1030 - CMSIS Pack Vendor :STMicroelectronics USB_DEVICE 2.0.0
2023-10-09 18:18:15,227 [INFO] ThirdParty:1030 - CMSIS Pack Vendor :STMicroelectronics X-CUBE-MEMS1 9.6.0
2023-10-09 18:18:15,227 [INFO] ThirdParty:1030 - CMSIS Pack Vendor :ITTIA_DB I-CUBE-ITTIADB 8.8.0
2023-10-09 18:18:15,227 [INFO] ThirdParty:1030 - CMSIS Pack Vendor :STMicroelectronics FP-SNS-MOTENV1 4.3.2
2023-10-09 18:18:15,227 [INFO] ThirdParty:1030 - CMSIS Pack Vendor :STMicroelectronics X-CUBE-ALGOBUILD 1.3.0
2023-10-09 18:18:15,227 [INFO] ThirdParty:1030 - CMSIS Pack Vendor :STMicroelectronics X-CUBE-BLE1 6.2.4
2023-10-09 18:18:15,227 [INFO] ThirdParty:1030 - CMSIS Pack Vendor :STMicroelectronics X-CUBE-AZRTOS-L5 1.1.0
2023-10-09 18:18:15,227 [INFO] ThirdParty:1030 - CMSIS Pack Vendor :STMicroelectronics FreeRTOS 0.0.1
2023-10-09 18:18:15,227 [INFO] ThirdParty:1030 - CMSIS Pack Vendor :STMicroelectronics X-CUBE-AZRTOS-G0 1.1.0
2023-10-09 18:18:15,227 [INFO] ThirdParty:1030 - CMSIS Pack Vendor :STMicroelectronics X-CUBE-BLEMGR 2.0.0
2023-10-09 18:18:15,227 [INFO] ThirdParty:1030 - CMSIS Pack Vendor :STMicroelectronics X-CUBE-NFC4 3.0.0
2023-10-09 18:18:15,227 [INFO] ThirdParty:1030 - CMSIS Pack Vendor :STMicroelectronics X-CUBE-SUBG2 5.0.0
2023-10-09 18:18:15,227 [INFO] ThirdParty:1030 - CMSIS Pack Vendor :STMicroelectronics STM32_WPAN 1.0.0
2023-10-09 18:18:15,227 [INFO] ThirdParty:1030 - CMSIS Pack Vendor :STMicroelectronics lwIP 2.0.3
2023-10-09 18:18:15,227 [INFO] ThirdParty:1030 - CMSIS Pack Vendor :STMicroelectronics FP-SNS-FLIGHT1 5.0.2
2023-10-09 18:18:15,227 [INFO] ThirdParty:1030 - CMSIS Pack Vendor :STMicroelectronics USB_HOST 1.0.0
2023-10-09 18:18:15,227 [INFO] ThirdParty:1030 - CMSIS Pack Vendor :STMicroelectronics X-CUBE-TOF1 3.3.1
2023-10-09 18:18:15,228 [INFO] ThirdParty:1030 - CMSIS Pack Vendor :STMicroelectronics X-CUBE-AZRTOS-G4 2.0.0
2023-10-09 18:18:15,228 [INFO] ThirdParty:1030 - CMSIS Pack Vendor :STMicroelectronics PDM2PCM 3.1.0
2023-10-09 18:18:15,228 [INFO] ThirdParty:1030 - CMSIS Pack Vendor :STMicroelectronics X-CUBE-AZRTOS-H7 3.1.0
2023-10-09 18:18:15,228 [INFO] ThirdParty:1030 - CMSIS Pack Vendor :Infineon AIROC-Wi-Fi-Bluetooth-STM32 1.5.1
2023-10-09 18:18:15,228 [INFO] ThirdParty:1030 - CMSIS Pack Vendor :STMicroelectronics PDM2PCM 3.3.0
2023-10-09 18:18:15,228 [INFO] ThirdParty:1030 - CMSIS Pack Vendor :STMicroelectronics X-CUBE-DISPLAY 3.0.0
2023-10-09 18:18:15,228 [INFO] ThirdParty:1030 - CMSIS Pack Vendor :STMicroelectronics X-CUBE-BLE1 7.0.0
2023-10-09 18:18:15,228 [INFO] ThirdParty:1030 - CMSIS Pack Vendor :STMicroelectronics FP-ATR-SIGFOX1 3.2.0
2023-10-09 18:18:15,228 [INFO] ThirdParty:1030 - CMSIS Pack Vendor :STMicroelectronics HAL Drivers 0.0.0
2023-10-09 18:18:15,228 [INFO] ThirdParty:1030 - CMSIS Pack Vendor :STMicroelectronics MBEDTLS 2.16.2
2023-10-09 18:18:15,228 [INFO] ThirdParty:1030 - CMSIS Pack Vendor :emotas I-CUBE-CANOPEN 1.3.0
2023-10-09 18:18:15,228 [INFO] ThirdParty:1030 - CMSIS Pack Vendor :STMicroelectronics X-CUBE-FREERTOS 1.1.0
2023-10-09 18:18:15,228 [INFO] ThirdParty:1030 - CMSIS Pack Vendor :STMicroelectronics X-CUBE-TOUCHGFX 4.22.0
2023-10-09 18:18:15,228 [INFO] ThirdParty:1030 - CMSIS Pack Vendor :STMicroelectronics X-CUBE-NFC7 1.0.1
2023-10-09 18:18:15,228 [INFO] ThirdParty:1030 - CMSIS Pack Vendor :STMicroelectronics MBEDTLS 2.14.1
2023-10-09 18:18:15,228 [INFO] ThirdParty:1030 - CMSIS Pack Vendor :STMicroelectronics X-CUBE-TOUCHGFX 4.22.1
2023-10-09 18:18:15,228 [INFO] ThirdParty:1030 - CMSIS Pack Vendor :STMicroelectronics X-CUBE-NFC6 3.0.0
2023-10-09 18:18:15,228 [INFO] ThirdParty:1030 - CMSIS Pack Vendor :STMicroelectronics X-CUBE-EEPRMA1 4.1.0
2023-10-09 18:18:15,228 [INFO] ThirdParty:1030 - CMSIS Pack Vendor :portGmbH I-Cube-SoM-uGOAL 1.1.0
2023-10-09 18:18:15,228 [INFO] ThirdParty:1030 - CMSIS Pack Vendor :STMicroelectronics X-CUBE-ALS 1.0.1
2023-10-09 18:18:15,228 [INFO] ThirdParty:1030 - CMSIS Pack Vendor :STMicroelectronics ThreadX 1.0.0
2023-10-09 18:18:15,228 [INFO] ThirdParty:1030 - CMSIS Pack Vendor :STMicroelectronics FP-SNS-SMARTAG2 1.2.0
2023-10-09 18:18:15,228 [INFO] ThirdParty:1030 - CMSIS Pack Vendor :STMicroelectronics X-CUBE-AZRTOS-WB 1.1.0
2023-10-09 18:18:15,228 [INFO] ThirdParty:1030 - CMSIS Pack Vendor :STMicroelectronics X-CUBE-AZRTOS-WL 2.0.0
2023-10-09 18:18:15,228 [INFO] ThirdParty:1030 - CMSIS Pack Vendor :SEGGER I-CUBE-embOS 1.3.1
2023-10-09 18:18:15,228 [INFO] ThirdParty:1030 - CMSIS Pack Vendor :STMicroelectronics USB_DEVICE 1.0.0
2023-10-09 18:18:15,228 [INFO] ThirdParty:1030 - CMSIS Pack Vendor :STMicroelectronics X-CUBE-AI 8.1.0
2023-10-09 18:18:15,228 [INFO] ThirdParty:1030 - CMSIS Pack Vendor :STMicroelectronics X-CUBE-AZRTOS-L4 2.0.0
2023-10-09 18:18:15,228 [INFO] ThirdParty:1030 - CMSIS Pack Vendor :STMicroelectronics ThreadX 0.0.2
2023-10-09 18:18:15,228 [INFO] ThirdParty:1030 - CMSIS Pack Vendor :WES I-CUBE-Cesium 1.3.0
2023-10-09 18:18:15,228 [INFO] ThirdParty:1030 - CMSIS Pack Vendor :STMicroelectronics FP-ATR-ASTRA1 2.0.0
2023-10-09 18:18:15,228 [INFO] ThirdParty:1030 - CMSIS Pack Vendor :STMicroelectronics lwIP 2.1.2
2023-10-09 18:18:15,228 [INFO] ThirdParty:1030 - CMSIS Pack Vendor :STMicroelectronics X-CUBE-SFXS2LP1 4.0.0
2023-10-09 18:18:15,228 [INFO] ThirdParty:1030 - CMSIS Pack Vendor :STMicroelectronics X-CUBE-BLE2 3.3.0
2023-10-09 18:18:15,228 [INFO] ThirdParty:1030 - CMSIS Pack Vendor :STMicroelectronics PDM2PCM 3.2.0
2023-10-09 18:18:15,228 [INFO] ThirdParty:841 - exiting critical section [change project]
2023-10-09 18:18:15,347 [INFO] PinOutPanel:1499 - setPackage(No Configuration,No Configuration)
2023-10-09 18:18:15,348 [INFO] PinOutPanel:1499 - setPackage(STM32F446RETx,LQFP64)
2023-10-09 18:18:15,519 [INFO] UtilMem:75 - Before build in PCC Used Memory: 552694168 Bytes (1073741824)
2023-10-09 18:18:15,731 [INFO] UtilMem:75 - After build in PCC Used Memory: 601450904 Bytes (1073741824)
2023-10-09 18:18:15,741 [INFO] ApiDbMcu:507 - Load IP Config File for FREERTOS
2023-10-09 18:18:15,759 [INFO] IPUIPlugin:80 - create IPUIPlugin
2023-10-09 18:18:15,760 [INFO] IPUIPlugin:80 - create IPUIPlugin
2023-10-09 18:18:15,760 [INFO] IPUIPlugin:80 - create IPUIPlugin
2023-10-09 18:18:15,760 [INFO] IPUIPlugin:80 - create IPUIPlugin
2023-10-09 18:18:15,760 [INFO] IPUIPlugin:80 - create IPUIPlugin
2023-10-09 18:18:15,760 [INFO] IPUIPlugin:80 - create IPUIPlugin
2023-10-09 18:18:15,760 [INFO] IPUIPlugin:80 - create IPUIPlugin
2023-10-09 18:18:15,760 [INFO] IPUIPlugin:80 - create IPUIPlugin
2023-10-09 18:18:15,760 [INFO] IPUIPlugin:80 - create IPUIPlugin
2023-10-09 18:18:15,760 [INFO] IPUIPlugin:80 - create IPUIPlugin
2023-10-09 18:18:15,760 [INFO] IPUIPlugin:80 - create IPUIPlugin
2023-10-09 18:18:15,760 [INFO] IPUIPlugin:80 - create IPUIPlugin
2023-10-09 18:18:15,760 [INFO] IPUIPlugin:80 - create IPUIPlugin
2023-10-09 18:18:15,760 [INFO] IPUIPlugin:80 - create IPUIPlugin
2023-10-09 18:18:15,760 [INFO] IPUIPlugin:80 - create IPUIPlugin
2023-10-09 18:18:15,761 [INFO] IPUIPlugin:80 - create IPUIPlugin
2023-10-09 18:18:15,761 [INFO] IPUIPlugin:80 - create IPUIPlugin
2023-10-09 18:18:15,761 [INFO] IPUIPlugin:80 - create IPUIPlugin
2023-10-09 18:18:15,761 [INFO] IPUIPlugin:80 - create IPUIPlugin
2023-10-09 18:18:15,761 [INFO] IPUIPlugin:80 - create IPUIPlugin
2023-10-09 18:18:15,761 [INFO] IPUIPlugin:80 - create IPUIPlugin
2023-10-09 18:18:15,761 [INFO] IPUIPlugin:80 - create IPUIPlugin
2023-10-09 18:18:15,761 [INFO] IPUIPlugin:80 - create IPUIPlugin
2023-10-09 18:18:15,761 [INFO] IPUIPlugin:80 - create IPUIPlugin
2023-10-09 18:18:15,761 [INFO] IPUIPlugin:80 - create IPUIPlugin
2023-10-09 18:18:15,762 [INFO] IPUIPlugin:80 - create IPUIPlugin
2023-10-09 18:18:15,762 [INFO] IPUIPlugin:80 - create IPUIPlugin
2023-10-09 18:18:15,762 [INFO] IPUIPlugin:80 - create IPUIPlugin
2023-10-09 18:18:15,762 [INFO] IPUIPlugin:80 - create IPUIPlugin
2023-10-09 18:18:15,763 [INFO] IPUIPlugin:80 - create IPUIPlugin
2023-10-09 18:18:15,763 [INFO] IPUIPlugin:80 - create IPUIPlugin
2023-10-09 18:18:15,763 [INFO] IPUIPlugin:80 - create IPUIPlugin
2023-10-09 18:18:15,763 [INFO] IPUIPlugin:80 - create IPUIPlugin
2023-10-09 18:18:15,764 [INFO] IPUIPlugin:80 - create IPUIPlugin
2023-10-09 18:18:15,764 [INFO] IPUIPlugin:80 - create IPUIPlugin
2023-10-09 18:18:15,764 [INFO] IPUIPlugin:80 - create IPUIPlugin
2023-10-09 18:18:15,764 [INFO] IPUIPlugin:80 - create IPUIPlugin
2023-10-09 18:18:15,765 [INFO] IPUIPlugin:80 - create IPUIPlugin
2023-10-09 18:18:15,765 [INFO] IPUIPlugin:80 - create IPUIPlugin
2023-10-09 18:18:15,765 [INFO] IPUIPlugin:80 - create IPUIPlugin
2023-10-09 18:18:15,765 [INFO] IPUIPlugin:80 - create IPUIPlugin
2023-10-09 18:18:15,766 [INFO] IPUIPlugin:80 - create IPUIPlugin
2023-10-09 18:18:15,766 [INFO] IPUIPlugin:80 - create IPUIPlugin
2023-10-09 18:18:15,766 [INFO] IPUIPlugin:80 - create IPUIPlugin
2023-10-09 18:18:15,766 [INFO] IPUIPlugin:80 - create IPUIPlugin
2023-10-09 18:18:15,767 [INFO] IPUIPlugin:80 - create IPUIPlugin
2023-10-09 18:18:15,767 [INFO] IPUIPlugin:80 - create IPUIPlugin
2023-10-09 18:18:15,767 [INFO] IPUIPlugin:80 - create IPUIPlugin
2023-10-09 18:18:15,767 [INFO] IPUIPlugin:80 - create IPUIPlugin
2023-10-09 18:18:15,768 [INFO] IPUIPlugin:80 - create IPUIPlugin
2023-10-09 18:18:15,768 [INFO] IPUIPlugin:80 - create IPUIPlugin
2023-10-09 18:18:15,768 [INFO] IPUIPlugin:80 - create IPUIPlugin
2023-10-09 18:18:15,768 [INFO] IPUIPlugin:80 - create IPUIPlugin
2023-10-09 18:18:15,769 [INFO] IPUIPlugin:80 - create IPUIPlugin
2023-10-09 18:18:15,769 [INFO] IPUIPlugin:80 - create IPUIPlugin
2023-10-09 18:18:15,769 [INFO] IPUIPlugin:80 - create IPUIPlugin
2023-10-09 18:18:15,769 [INFO] IPUIPlugin:80 - create IPUIPlugin
2023-10-09 18:18:15,770 [INFO] IPUIPlugin:80 - create IPUIPlugin
2023-10-09 18:18:15,770 [INFO] IPUIPlugin:80 - create IPUIPlugin
2023-10-09 18:18:15,770 [INFO] IPUIPlugin:80 - create IPUIPlugin
2023-10-09 18:18:15,781 [INFO] ApiDbMcu:507 - Load IP Config File for PDM2PCM
2023-10-09 18:18:15,788 [WARN] FreeRTOS:1023 - Null or empty value: should not occur! (nothing added to the table)
2023-10-09 18:18:15,831 [INFO] CADModel:165 - CPN selected for project levelSTM32F446RET6
2023-10-09 18:18:15,832 [INFO] CADModel:114 - Register for checkConnection events
2023-10-09 18:18:15,833 [INFO] RtosManager:697 - Active RTOS found at IOC load: FREERTOS [Cortex-M4NS]
2023-10-09 18:18:15,884 [INFO] OpenFileManager:328 - Restore cursor
